<?xml version="1.0" encoding="UTF-8"?>
<!-- Generated by org.testng.reporters.JUnitReportReporter -->
<testsuite skipped="0" hostname="prajakta-machine" name="com.testng.annotations.practice.Test1Factory" tests="1" failures="0" timestamp="30 Jul 2019 18:20:17 GMT" time="0.012" errors="0">
  <testcase name="Test1" time="0.012" classname="com.testng.annotations.practice.Test1Factory"/>
</testsuite> <!-- com.testng.annotations.practice.Test1Factory -->
