<?xml version="1.0" encoding="UTF-8"?>
<!-- Generated by org.testng.reporters.JUnitReportReporter -->
<testsuite skipped="0" hostname="prajakta-machine" name="com.testng.annotations.practice.Test2Factory" tests="1" failures="0" timestamp="10 Dec 2019 20:32:05 GMT" time="0.009" errors="0">
  <testcase name="Test2" time="0.009" classname="com.testng.annotations.practice.Test2Factory"/>
</testsuite> <!-- com.testng.annotations.practice.Test2Factory -->
