<?xml version="1.0" encoding="UTF-8"?>
<!-- Generated by org.testng.reporters.JUnitReportReporter -->
<testsuite skipped="0" hostname="prajakta-machine" name="com.testng.annotations.practice.NewTest" tests="2" failures="0" timestamp="29 Jul 2019 19:19:23 GMT" time="0.012" errors="0">
  <testcase name="f" time="0.010" classname="com.testng.annotations.practice.NewTest"/>
  <testcase name="f" time="0.002" classname="com.testng.annotations.practice.NewTest"/>
</testsuite> <!-- com.testng.annotations.practice.NewTest -->
