<?xml version="1.0" encoding="UTF-8"?>
<!-- Generated by org.testng.reporters.JUnitReportReporter -->
<testsuite skipped="0" hostname="prajakta-machine" name="com.testng.annotations.practice.ParameterTestng" tests="2" failures="0" timestamp="29 Jul 2019 19:19:14 GMT" time="0.014" errors="0">
  <testcase name="login" time="0.001" classname="com.testng.annotations.practice.ParameterTestng"/>
  <testcase name="OpenBrowser" time="0.013" classname="com.testng.annotations.practice.ParameterTestng"/>
</testsuite> <!-- com.testng.annotations.practice.ParameterTestng -->
