<?xml version="1.0" encoding="UTF-8"?>
<!-- Generated by org.testng.reporters.JUnitReportReporter -->
<testsuite skipped="0" hostname="prajakta-machine" name="tests.FbLoginTest" tests="1" failures="0" timestamp="22 Nov 2019 12:21:30 GMT" time="13.935" errors="0">
  <testcase name="init" time="13.935" classname="tests.FbLoginTest"/>
</testsuite> <!-- tests.FbLoginTest -->
