<?xml version="1.0" encoding="UTF-8"?>
<!-- Generated by org.testng.reporters.JUnitReportReporter -->
<testsuite skipped="0" hostname="prajakta-machine" name="dfPack.BaseTest" tests="1" failures="0" timestamp="10 Dec 2019 22:37:23 GMT" time="4.376" errors="0">
  <testcase name="intitialize" time="4.376" classname="dfPack.BaseTest"/>
</testsuite> <!-- dfPack.BaseTest -->
