<?xml version="1.0" encoding="UTF-8"?>
<!-- Generated by org.testng.reporters.JUnitReportReporter -->
<testsuite skipped="0" hostname="prajakta-machine" name="tests.FbLoginTest" tests="1" failures="0" timestamp="14 Dec 2019 21:39:04 GMT" time="8.068" errors="0">
  <testcase name="init" time="8.068" classname="tests.FbLoginTest"/>
</testsuite> <!-- tests.FbLoginTest -->
