<?xml version="1.0" encoding="UTF-8"?>
<!-- Generated by org.testng.reporters.JUnitReportReporter -->
<testsuite skipped="0" hostname="prajakta-machine" name="passwordEncrptnDcrptn.PasswdEncoderDecoder" tests="1" failures="0" timestamp="17 Dec 2019 18:57:04 GMT" time="72.733" errors="0">
  <testcase name="getLoginPage" time="72.733" classname="passwordEncrptnDcrptn.PasswdEncoderDecoder"/>
</testsuite> <!-- passwordEncrptnDcrptn.PasswdEncoderDecoder -->
