<?xml version="1.0" encoding="UTF-8"?>
<!-- Generated by org.testng.reporters.JUnitReportReporter -->
<testsuite hostname="prajakta-machine" name="pom.tests.BaseTest" tests="1" failures="0" timestamp="16 Dec 2019 17:04:57 GMT" time="69.835" errors="0">
  <testcase name="initialization" time="69.835" classname="pom.tests.BaseTest"/>
</testsuite> <!-- pom.tests.BaseTest -->
