<?xml version="1.0" encoding="UTF-8"?>
<!-- Generated by org.testng.reporters.JUnitReportReporter -->
<testsuite hostname="prajakta-machine" name="pom.tests.Test2" tests="1" failures="0" timestamp="14 Dec 2019 19:28:17 GMT" time="0.006" errors="0">
  <testcase name="login" time="0.006" classname="pom.tests.Test2"/>
</testsuite> <!-- pom.tests.Test2 -->
