<?xml version="1.0" encoding="UTF-8"?>
<!-- Generated by org.testng.reporters.JUnitReportReporter -->
<testsuite hostname="prajakta-machine" name="pom.tests.LuanchTest" tests="1" failures="0" timestamp="16 Dec 2019 18:46:11 GMT" time="24.835" errors="0">
  <testcase name="testLauchPage" time="24.835" classname="pom.tests.LuanchTest"/>
</testsuite> <!-- pom.tests.LuanchTest -->
